ARM GAS  C:\Users\Xusniyor\AppData\Local\Temp\cc5aZ37C.s 			page 1


   1              		.cpu cortex-m0plus
   2              		.arch armv6s-m
   3              		.fpu softvfp
   4              		.eabi_attribute 20, 1
   5              		.eabi_attribute 21, 1
   6              		.eabi_attribute 23, 3
   7              		.eabi_attribute 24, 1
   8              		.eabi_attribute 25, 1
   9              		.eabi_attribute 26, 1
  10              		.eabi_attribute 30, 1
  11              		.eabi_attribute 34, 0
  12              		.eabi_attribute 18, 4
  13              		.file	"gpio.c"
  14              		.text
  15              	.Ltext0:
  16              		.cfi_sections	.debug_frame
  17              		.section	.text.MX_GPIO_Init,"ax",%progbits
  18              		.align	1
  19              		.global	MX_GPIO_Init
  20              		.syntax unified
  21              		.code	16
  22              		.thumb_func
  24              	MX_GPIO_Init:
  25              	.LFB297:
  26              		.file 1 "Core/Src/gpio.c"
   1:Core/Src/gpio.c **** /* USER CODE BEGIN Header */
   2:Core/Src/gpio.c **** /**
   3:Core/Src/gpio.c ****   ******************************************************************************
   4:Core/Src/gpio.c ****   * @file    gpio.c
   5:Core/Src/gpio.c ****   * @brief   This file provides code for the configuration
   6:Core/Src/gpio.c ****   *          of all used GPIO pins.
   7:Core/Src/gpio.c ****   ******************************************************************************
   8:Core/Src/gpio.c ****   * @attention
   9:Core/Src/gpio.c ****   *
  10:Core/Src/gpio.c ****   * Copyright (c) 2022 STMicroelectronics.
  11:Core/Src/gpio.c ****   * All rights reserved.
  12:Core/Src/gpio.c ****   *
  13:Core/Src/gpio.c ****   * This software is licensed under terms that can be found in the LICENSE file
  14:Core/Src/gpio.c ****   * in the root directory of this software component.
  15:Core/Src/gpio.c ****   * If no LICENSE file comes with this software, it is provided AS-IS.
  16:Core/Src/gpio.c ****   *
  17:Core/Src/gpio.c ****   ******************************************************************************
  18:Core/Src/gpio.c ****   */
  19:Core/Src/gpio.c **** /* USER CODE END Header */
  20:Core/Src/gpio.c **** 
  21:Core/Src/gpio.c **** /* Includes ------------------------------------------------------------------*/
  22:Core/Src/gpio.c **** #include "gpio.h"
  23:Core/Src/gpio.c **** 
  24:Core/Src/gpio.c **** /* USER CODE BEGIN 0 */
  25:Core/Src/gpio.c **** 
  26:Core/Src/gpio.c **** /* USER CODE END 0 */
  27:Core/Src/gpio.c **** 
  28:Core/Src/gpio.c **** /*----------------------------------------------------------------------------*/
  29:Core/Src/gpio.c **** /* Configure GPIO                                                             */
  30:Core/Src/gpio.c **** /*----------------------------------------------------------------------------*/
  31:Core/Src/gpio.c **** /* USER CODE BEGIN 1 */
  32:Core/Src/gpio.c **** 
ARM GAS  C:\Users\Xusniyor\AppData\Local\Temp\cc5aZ37C.s 			page 2


  33:Core/Src/gpio.c **** /* USER CODE END 1 */
  34:Core/Src/gpio.c **** 
  35:Core/Src/gpio.c **** /** Configure pins as
  36:Core/Src/gpio.c ****         * Analog
  37:Core/Src/gpio.c ****         * Input
  38:Core/Src/gpio.c ****         * Output
  39:Core/Src/gpio.c ****         * EVENT_OUT
  40:Core/Src/gpio.c ****         * EXTI
  41:Core/Src/gpio.c **** */
  42:Core/Src/gpio.c **** void MX_GPIO_Init(void)
  43:Core/Src/gpio.c **** {
  27              		.loc 1 43 1 view -0
  28              		.cfi_startproc
  29              		@ args = 0, pretend = 0, frame = 32
  30              		@ frame_needed = 0, uses_anonymous_args = 0
  31 0000 F0B5     		push	{r4, r5, r6, r7, lr}
  32              	.LCFI0:
  33              		.cfi_def_cfa_offset 20
  34              		.cfi_offset 4, -20
  35              		.cfi_offset 5, -16
  36              		.cfi_offset 6, -12
  37              		.cfi_offset 7, -8
  38              		.cfi_offset 14, -4
  39 0002 C646     		mov	lr, r8
  40 0004 00B5     		push	{lr}
  41              	.LCFI1:
  42              		.cfi_def_cfa_offset 24
  43              		.cfi_offset 8, -24
  44 0006 88B0     		sub	sp, sp, #32
  45              	.LCFI2:
  46              		.cfi_def_cfa_offset 56
  44:Core/Src/gpio.c **** 
  45:Core/Src/gpio.c ****   GPIO_InitTypeDef GPIO_InitStruct = {0};
  47              		.loc 1 45 3 view .LVU1
  48              		.loc 1 45 20 is_stmt 0 view .LVU2
  49 0008 1422     		movs	r2, #20
  50 000a 0021     		movs	r1, #0
  51 000c 03A8     		add	r0, sp, #12
  52 000e FFF7FEFF 		bl	memset
  53              	.LVL0:
  46:Core/Src/gpio.c **** 
  47:Core/Src/gpio.c ****   /* GPIO Ports Clock Enable */
  48:Core/Src/gpio.c ****   __HAL_RCC_GPIOB_CLK_ENABLE();
  54              		.loc 1 48 3 is_stmt 1 view .LVU3
  55              	.LBB2:
  56              		.loc 1 48 3 view .LVU4
  57              		.loc 1 48 3 view .LVU5
  58 0012 1B4B     		ldr	r3, .L2
  59 0014 596B     		ldr	r1, [r3, #52]
  60 0016 0222     		movs	r2, #2
  61 0018 1143     		orrs	r1, r2
  62 001a 5963     		str	r1, [r3, #52]
  63              		.loc 1 48 3 view .LVU6
  64 001c 596B     		ldr	r1, [r3, #52]
  65 001e 0A40     		ands	r2, r1
  66 0020 0192     		str	r2, [sp, #4]
  67              		.loc 1 48 3 view .LVU7
ARM GAS  C:\Users\Xusniyor\AppData\Local\Temp\cc5aZ37C.s 			page 3


  68 0022 019A     		ldr	r2, [sp, #4]
  69              	.LBE2:
  70              		.loc 1 48 3 view .LVU8
  49:Core/Src/gpio.c ****   __HAL_RCC_GPIOA_CLK_ENABLE();
  71              		.loc 1 49 3 view .LVU9
  72              	.LBB3:
  73              		.loc 1 49 3 view .LVU10
  74              		.loc 1 49 3 view .LVU11
  75 0024 5A6B     		ldr	r2, [r3, #52]
  76 0026 0124     		movs	r4, #1
  77 0028 2243     		orrs	r2, r4
  78 002a 5A63     		str	r2, [r3, #52]
  79              		.loc 1 49 3 view .LVU12
  80 002c 5B6B     		ldr	r3, [r3, #52]
  81 002e 2340     		ands	r3, r4
  82 0030 0293     		str	r3, [sp, #8]
  83              		.loc 1 49 3 view .LVU13
  84 0032 029B     		ldr	r3, [sp, #8]
  85              	.LBE3:
  86              		.loc 1 49 3 view .LVU14
  50:Core/Src/gpio.c **** 
  51:Core/Src/gpio.c ****   /*Configure GPIO pin Output Level */
  52:Core/Src/gpio.c ****   HAL_GPIO_WritePin(GPIOB, GPIO_PIN_7, GPIO_PIN_RESET);
  87              		.loc 1 52 3 view .LVU15
  88 0034 134B     		ldr	r3, .L2+4
  89 0036 9846     		mov	r8, r3
  90 0038 0022     		movs	r2, #0
  91 003a 8021     		movs	r1, #128
  92 003c 1800     		movs	r0, r3
  93 003e FFF7FEFF 		bl	HAL_GPIO_WritePin
  94              	.LVL1:
  53:Core/Src/gpio.c **** 
  54:Core/Src/gpio.c ****   /*Configure GPIO pin Output Level */
  55:Core/Src/gpio.c ****   HAL_GPIO_WritePin(GPIOA, GPIO_PIN_0, GPIO_PIN_RESET);
  95              		.loc 1 55 3 view .LVU16
  96 0042 A025     		movs	r5, #160
  97 0044 ED05     		lsls	r5, r5, #23
  98 0046 0022     		movs	r2, #0
  99 0048 0121     		movs	r1, #1
 100 004a 2800     		movs	r0, r5
 101 004c FFF7FEFF 		bl	HAL_GPIO_WritePin
 102              	.LVL2:
  56:Core/Src/gpio.c **** 
  57:Core/Src/gpio.c ****   /*Configure GPIO pin : PB7 */
  58:Core/Src/gpio.c ****   GPIO_InitStruct.Pin = GPIO_PIN_7;
 103              		.loc 1 58 3 view .LVU17
 104              		.loc 1 58 23 is_stmt 0 view .LVU18
 105 0050 8023     		movs	r3, #128
 106 0052 0393     		str	r3, [sp, #12]
  59:Core/Src/gpio.c ****   GPIO_InitStruct.Mode = GPIO_MODE_OUTPUT_PP;
 107              		.loc 1 59 3 is_stmt 1 view .LVU19
 108              		.loc 1 59 24 is_stmt 0 view .LVU20
 109 0054 0494     		str	r4, [sp, #16]
  60:Core/Src/gpio.c ****   GPIO_InitStruct.Pull = GPIO_NOPULL;
 110              		.loc 1 60 3 is_stmt 1 view .LVU21
 111              		.loc 1 60 24 is_stmt 0 view .LVU22
 112 0056 0027     		movs	r7, #0
ARM GAS  C:\Users\Xusniyor\AppData\Local\Temp\cc5aZ37C.s 			page 4


 113 0058 0597     		str	r7, [sp, #20]
  61:Core/Src/gpio.c ****   GPIO_InitStruct.Speed = GPIO_SPEED_FREQ_VERY_HIGH;
 114              		.loc 1 61 3 is_stmt 1 view .LVU23
 115              		.loc 1 61 25 is_stmt 0 view .LVU24
 116 005a 0326     		movs	r6, #3
 117 005c 0696     		str	r6, [sp, #24]
  62:Core/Src/gpio.c ****   HAL_GPIO_Init(GPIOB, &GPIO_InitStruct);
 118              		.loc 1 62 3 is_stmt 1 view .LVU25
 119 005e 03A9     		add	r1, sp, #12
 120 0060 4046     		mov	r0, r8
 121 0062 FFF7FEFF 		bl	HAL_GPIO_Init
 122              	.LVL3:
  63:Core/Src/gpio.c **** 
  64:Core/Src/gpio.c ****   /*Configure GPIO pin : PA0 */
  65:Core/Src/gpio.c ****   GPIO_InitStruct.Pin = GPIO_PIN_0;
 123              		.loc 1 65 3 view .LVU26
 124              		.loc 1 65 23 is_stmt 0 view .LVU27
 125 0066 0394     		str	r4, [sp, #12]
  66:Core/Src/gpio.c ****   GPIO_InitStruct.Mode = GPIO_MODE_OUTPUT_PP;
 126              		.loc 1 66 3 is_stmt 1 view .LVU28
 127              		.loc 1 66 24 is_stmt 0 view .LVU29
 128 0068 0494     		str	r4, [sp, #16]
  67:Core/Src/gpio.c ****   GPIO_InitStruct.Pull = GPIO_NOPULL;
 129              		.loc 1 67 3 is_stmt 1 view .LVU30
 130              		.loc 1 67 24 is_stmt 0 view .LVU31
 131 006a 0597     		str	r7, [sp, #20]
  68:Core/Src/gpio.c ****   GPIO_InitStruct.Speed = GPIO_SPEED_FREQ_VERY_HIGH;
 132              		.loc 1 68 3 is_stmt 1 view .LVU32
 133              		.loc 1 68 25 is_stmt 0 view .LVU33
 134 006c 0696     		str	r6, [sp, #24]
  69:Core/Src/gpio.c ****   HAL_GPIO_Init(GPIOA, &GPIO_InitStruct);
 135              		.loc 1 69 3 is_stmt 1 view .LVU34
 136 006e 03A9     		add	r1, sp, #12
 137 0070 2800     		movs	r0, r5
 138 0072 FFF7FEFF 		bl	HAL_GPIO_Init
 139              	.LVL4:
  70:Core/Src/gpio.c **** 
  71:Core/Src/gpio.c **** }
 140              		.loc 1 71 1 is_stmt 0 view .LVU35
 141 0076 08B0     		add	sp, sp, #32
 142              		@ sp needed
 143 0078 80BC     		pop	{r7}
 144 007a B846     		mov	r8, r7
 145 007c F0BD     		pop	{r4, r5, r6, r7, pc}
 146              	.L3:
 147 007e C046     		.align	2
 148              	.L2:
 149 0080 00100240 		.word	1073876992
 150 0084 00040050 		.word	1342178304
 151              		.cfi_endproc
 152              	.LFE297:
 154              		.text
 155              	.Letext0:
 156              		.file 2 "c:\\program files (x86)\\gnu arm embedded toolchain\\10 2021.10\\arm-none-eabi\\include\\
 157              		.file 3 "c:\\program files (x86)\\gnu arm embedded toolchain\\10 2021.10\\arm-none-eabi\\include\\
 158              		.file 4 "Drivers/CMSIS/Device/ST/STM32G0xx/Include/stm32g031xx.h"
 159              		.file 5 "Drivers/STM32G0xx_HAL_Driver/Inc/stm32g0xx_hal_gpio.h"
ARM GAS  C:\Users\Xusniyor\AppData\Local\Temp\cc5aZ37C.s 			page 5


 160              		.file 6 "Drivers/STM32G0xx_HAL_Driver/Inc/stm32g0xx_ll_dma.h"
 161              		.file 7 "<built-in>"
ARM GAS  C:\Users\Xusniyor\AppData\Local\Temp\cc5aZ37C.s 			page 6


DEFINED SYMBOLS
                            *ABS*:00000000 gpio.c
C:\Users\Xusniyor\AppData\Local\Temp\cc5aZ37C.s:18     .text.MX_GPIO_Init:00000000 $t
C:\Users\Xusniyor\AppData\Local\Temp\cc5aZ37C.s:24     .text.MX_GPIO_Init:00000000 MX_GPIO_Init
C:\Users\Xusniyor\AppData\Local\Temp\cc5aZ37C.s:149    .text.MX_GPIO_Init:00000080 $d

UNDEFINED SYMBOLS
memset
HAL_GPIO_WritePin
HAL_GPIO_Init
